Arguments: 
  E:\node\node.exe E:\yarn\bin\yarn.js add parcel-bundler -D

PATH: 
  C:\Users\Administrator\bin;E:\Git\Git\mingw32\bin;E:\Git\Git\usr\local\bin;E:\Git\Git\usr\bin;E:\Git\Git\usr\bin;E:\Git\Git\mingw32\bin;E:\Git\Git\usr\bin;C:\Program Files\Java\jdk1.8.0_111\bin;C:\Program Files\NVIDIA Corporation\PhysX\Common;C:\Program Files\Intel\iCLS Client;C:\Program Files\AMD APP\bin\x86;C:\Windows\system32;C:\Windows;C:\Windows\System32\Wbem;C:\Windows\System32\WindowsPowerShell\v1.0;C:\Program Files\ATI Technologies\ATI.ACE\Core-Static;C:\Program Files\Intel\Intel(R) Management Engine Components\DAL;C:\Program Files\Intel\Intel(R) Management Engine Components\IPT;C:\Program Files\Windows7MasterC;E:\Git\Git\Program Files\D;E:\Git\Git\nodejs\node_global;E:\yarn\bin;D:\VScode\Microsoft VS Code\bin;E:\node;D:\nodejs\node_global;D:\VScode\Microsoft VS Code\bin;C:\Users\Administrator\AppData\Local\Yarn\bin;C:\Users\Administrator\AppData\Roaming\npm;E:\Git\Git\usr\bin\vendor_perl;E:\Git\Git\usr\bin\core_perl

Yarn version: 
  1.3.2

Node version: 
  10.13.0

Platform: 
  win32 ia32

npm manifest: 
  {
    "name": "gulu",
    "version": "1.0.0",
    "description": "这是一个UI框架",
    "main": "index.js",
    "scripts": {
      "test": "echo \"Error: no test specified\" && exit 1"
    },
    "repository": {
      "type": "git",
      "url": "git+https://github.com/yym-yumeng123/Y-Wheels.git"
    },
    "keywords": [
      "vue",
      "ui"
    ],
    "author": "yym",
    "license": "MIT",
    "bugs": {
      "url": "https://github.com/yym-yumeng123/Y-Wheels/issues"
    },
    "homepage": "https://github.com/yym-yumeng123/Y-Wheels#readme",
    "dependencies": {
      "vue": "^2.5.17"
    }
  }

yarn manifest: 
  No manifest

Lockfile: 
  # THIS IS AN AUTOGENERATED FILE. DO NOT EDIT THIS FILE DIRECTLY.
  # yarn lockfile v1
  
  
  vue@^2.5.17:
    version "2.5.17"
    resolved "http://registry.npm.taobao.org/vue/download/vue-2.5.17.tgz#0f8789ad718be68ca1872629832ed533589c6ada"

Trace: 
  Error: connect ETIMEDOUT 123.6.30.185:443
      at TCPConnectWrap.afterConnect [as oncomplete] (net.js:1113:14)
